\BOOKMARK [-1][-]{part.1}{I Preface}{}% 1
\BOOKMARK [0][-]{chapter.1}{User Roles}{part.1}% 2
\BOOKMARK [0][-]{chapter.2}{How This Manual is Organized}{part.1}% 3
\BOOKMARK [0][-]{chapter.3}{Design Principles}{part.1}% 4
\BOOKMARK [0][-]{chapter.4}{Openness}{part.1}% 5
\BOOKMARK [0][-]{chapter.5}{Portability}{part.1}% 6
\BOOKMARK [0][-]{chapter.6}{Modularity}{part.1}% 7
\BOOKMARK [-1][-]{part.2}{II Player Guide}{}% 8
\BOOKMARK [-1][-]{part.3}{III Designer Guide}{}% 9
\BOOKMARK [-1][-]{part.4}{IV Developer Guide}{}% 10
\BOOKMARK [0][-]{chapter.7}{Architecture}{part.4}% 11
\BOOKMARK [1][-]{section.7.1}{Plugin Framework}{chapter.7}% 12
\BOOKMARK [1][-]{section.7.2}{Database Layer}{chapter.7}% 13
\BOOKMARK [-1][-]{part.5}{V API Reference}{}% 14
\BOOKMARK [0][-]{chapter.8}{vice \205 Main package, also provides PropertyDict}{part.5}% 15
\BOOKMARK [0][-]{chapter.9}{vice.database \205 Database abstraction and integration}{part.5}% 16
\BOOKMARK [0][-]{chapter.10}{vice.plugins \205 Infrastructure for implementing plugins}{part.5}% 17
\BOOKMARK [1][-]{section.10.1}{vice.plugins.actions \205 Built-in action plugins}{chapter.10}% 18
\BOOKMARK [1][-]{section.10.2}{vice.plugins.items \205 Built-in item plugins}{chapter.10}% 19
\BOOKMARK [0][-]{section*.20}{Index}{part.5}% 20
